14:21:25: Creating resource group General
14:21:25: Creating resource group Internal
14:21:25: Creating resource group Autodetect
14:21:25: SceneManagerFactory for type 'DefaultSceneManager' registered.
14:21:25: Registering ResourceManager for type Material
14:21:25: Registering ResourceManager for type Mesh
14:21:25: Registering ResourceManager for type Skeleton
14:21:25: MovableObjectFactory for type 'ParticleSystem' registered.
14:21:25: OverlayElementFactory for type Panel registered.
14:21:25: OverlayElementFactory for type BorderPanel registered.
14:21:25: OverlayElementFactory for type TextArea registered.
14:21:25: Registering ResourceManager for type Font
14:21:25: ArchiveFactory for archive type FileSystem registered.
14:21:25: ArchiveFactory for archive type Zip registered.
14:21:25: DDS codec registering
14:21:25: FreeImage version: 3.13.1
14:21:25: This program uses FreeImage, a free, open source image library supporting all common bitmap formats. See http://freeimage.sourceforge.net for details
14:21:25: Supported formats: bmp,ico,jpg,jif,jpeg,jpe,jng,koa,iff,lbm,mng,pbm,pbm,pcd,pcx,pgm,pgm,png,ppm,ppm,ras,tga,targa,tif,tiff,wap,wbmp,wbm,psd,cut,xbm,xpm,gif,hdr,g3,sgi,exr,j2k,j2c,jp2,pfm,pct,pict,pic,bay,bmq,cr2,crw,cs1,dc2,dcr,dng,erf,fff,hdr,k25,kdc,mdc,mos,mrw,nef,orf,pef,pxn,raf,raw,rdc,sr2,srf,arw,3fr,cine,ia,kc2,mef,nrw,qtk,rw2,sti,drf,dsc,ptx,cap,iiq,rwz
14:21:25: Registering ResourceManager for type HighLevelGpuProgram
14:21:25: Registering ResourceManager for type Compositor
14:21:25: MovableObjectFactory for type 'Entity' registered.
14:21:25: MovableObjectFactory for type 'Light' registered.
14:21:25: MovableObjectFactory for type 'BillboardSet' registered.
14:21:25: MovableObjectFactory for type 'ManualObject' registered.
14:21:25: MovableObjectFactory for type 'BillboardChain' registered.
14:21:25: MovableObjectFactory for type 'RibbonTrail' registered.
14:21:25: Loading library .\RenderSystem_Direct3D9
14:21:25: Installing plugin: D3D9 RenderSystem
14:21:25: D3D9 : Direct3D9 Rendering Subsystem created.
14:21:25: D3D9: Driver Detection Starts
14:21:25: D3D9: Driver Detection Ends
14:21:25: Plugin successfully installed
14:21:25: Loading library .\RenderSystem_GL
14:21:25: Installing plugin: GL RenderSystem
14:21:25: OpenGL Rendering Subsystem created.
14:21:26: Plugin successfully installed
14:21:26: Loading library .\Plugin_ParticleFX
14:21:26: Installing plugin: ParticleFX
14:21:26: Particle Emitter Type 'Point' registered
14:21:26: Particle Emitter Type 'Box' registered
14:21:26: Particle Emitter Type 'Ellipsoid' registered
14:21:26: Particle Emitter Type 'Cylinder' registered
14:21:26: Particle Emitter Type 'Ring' registered
14:21:26: Particle Emitter Type 'HollowEllipsoid' registered
14:21:26: Particle Affector Type 'LinearForce' registered
14:21:26: Particle Affector Type 'ColourFader' registered
14:21:26: Particle Affector Type 'ColourFader2' registered
14:21:26: Particle Affector Type 'ColourImage' registered
14:21:26: Particle Affector Type 'ColourInterpolator' registered
14:21:26: Particle Affector Type 'Scaler' registered
14:21:26: Particle Affector Type 'Rotator' registered
14:21:26: Particle Affector Type 'DirectionRandomiser' registered
14:21:26: Particle Affector Type 'DeflectorPlane' registered
14:21:26: Plugin successfully installed
14:21:26: Loading library .\Plugin_BSPSceneManager
14:21:26: Installing plugin: BSP Scene Manager
14:21:26: Plugin successfully installed
14:21:26: Loading library .\Plugin_CgProgramManager
14:21:26: Installing plugin: Cg Program Manager
14:21:26: Plugin successfully installed
14:21:26: Loading library .\Plugin_PCZSceneManager
14:21:26: Installing plugin: Portal Connected Zone Scene Manager
14:21:26: PCZone Factory Type 'ZoneType_Default' registered
14:21:26: Plugin successfully installed
14:21:26: Loading library .\Plugin_OctreeZone
14:21:26: Installing plugin: Octree Zone Factory
14:21:26: Plugin successfully installed
14:21:26: Loading library .\Plugin_OctreeSceneManager
14:21:26: Installing plugin: Octree & Terrain Scene Manager
14:21:26: Plugin successfully installed
14:21:26: *-*-* OGRE Initialising
14:21:26: *-*-* Version 1.7.1 (Cthugha)
14:21:26: Creating resource group Essential
14:21:26: Added resource location 'media/thumbnails' of type 'FileSystem' to resource group 'Essential'
14:21:26: Added resource location 'media/packs/SdkTrays.zip' of type 'Zip' to resource group 'Essential'
14:21:26: Creating resource group Fonts
14:21:26: Added resource location 'media/fonts' of type 'FileSystem' to resource group 'Fonts'
14:21:26: Added resource location 'media' of type 'FileSystem' to resource group 'General'
14:21:26: Creating resource group Imagesets
14:21:26: Added resource location 'media/imagesets' of type 'FileSystem' to resource group 'Imagesets'
14:21:26: Creating resource group Layouts
14:21:26: Added resource location 'media/layouts' of type 'FileSystem' to resource group 'Layouts'
14:21:26: Creating resource group LookNFeel
14:21:26: Added resource location 'media/looknfeel' of type 'FileSystem' to resource group 'LookNFeel'
14:21:26: Creating resource group Popular
14:21:26: Added resource location 'media/fonts' of type 'FileSystem' to resource group 'Popular'
14:21:26: Added resource location 'media/materials/programs' of type 'FileSystem' to resource group 'Popular'
14:21:26: Added resource location 'media/materials/scripts' of type 'FileSystem' to resource group 'Popular'
14:21:26: Added resource location 'media/materials/textures' of type 'FileSystem' to resource group 'Popular'
14:21:26: Added resource location 'media/materials/textures/nvidia' of type 'FileSystem' to resource group 'Popular'
14:21:26: Added resource location 'media/models' of type 'FileSystem' to resource group 'Popular'
14:21:26: Added resource location 'media/particle' of type 'FileSystem' to resource group 'Popular'
14:21:26: Added resource location 'media/DeferredShadingMedia' of type 'FileSystem' to resource group 'Popular'
14:21:26: Added resource location 'media/PCZAppMedia' of type 'FileSystem' to resource group 'Popular'
14:21:26: Added resource location 'media/RTShaderLib' of type 'FileSystem' to resource group 'Popular'
14:21:26: Added resource location 'media/RTShaderLib/materials' of type 'FileSystem' to resource group 'Popular'
14:21:26: Added resource location 'media/packs/cubemap.zip' of type 'Zip' to resource group 'Popular'
14:21:26: Added resource location 'media/packs/cubemapsJS.zip' of type 'Zip' to resource group 'Popular'
14:21:26: Added resource location 'media/packs/fresneldemo.zip' of type 'Zip' to resource group 'Popular'
14:21:26: Added resource location 'media/packs/ogretestmap.zip' of type 'Zip' to resource group 'Popular'
14:21:26: Added resource location 'media/packs/ogredance.zip' of type 'Zip' to resource group 'Popular'
14:21:26: Added resource location 'media/packs/Sinbad.zip' of type 'Zip' to resource group 'Popular'
14:21:26: Added resource location 'media/packs/skybox.zip' of type 'Zip' to resource group 'Popular'
14:21:26: Creating resource group Schemes
14:21:26: Added resource location 'media/schemes' of type 'FileSystem' to resource group 'Schemes'
14:21:26: D3D9 : RenderSystem Option: Allow NVPerfHUD = No
14:21:26: D3D9 : RenderSystem Option: FSAA = 0
14:21:26: D3D9 : RenderSystem Option: Floating-point mode = Fastest
14:21:26: D3D9 : RenderSystem Option: Full Screen = Yes
14:21:26: D3D9 : RenderSystem Option: Rendering Device = Monitor-1-ATI Mobility Radeon HD 4650
14:21:26: D3D9 : RenderSystem Option: Resource Creation Policy = Create on all devices
14:21:26: D3D9 : RenderSystem Option: VSync = No
14:21:26: D3D9 : RenderSystem Option: VSync Interval = 1
14:21:26: D3D9 : RenderSystem Option: Video Mode = 800 x 600 @ 32-bit colour
14:21:26: D3D9 : RenderSystem Option: sRGB Gamma Conversion = No
14:21:26: CPU Identifier & Features
14:21:26: -------------------------
14:21:26:  *   CPU ID: GenuineIntel: Intel(R) Core(TM)2 Duo CPU     T9600  @ 2.80GHz
14:21:26:  *      SSE: yes
14:21:26:  *     SSE2: yes
14:21:26:  *     SSE3: yes
14:21:26:  *      MMX: yes
14:21:26:  *   MMXEXT: yes
14:21:26:  *    3DNOW: no
14:21:26:  * 3DNOWEXT: no
14:21:26:  *     CMOV: yes
14:21:26:  *      TSC: yes
14:21:26:  *      FPU: yes
14:21:26:  *      PRO: yes
14:21:26:  *       HT: no
14:21:26: -------------------------
14:21:26: *** Starting Win32GL Subsystem ***
14:21:26: GLRenderSystem::_createRenderWindow "Faith Engine", 1024x768 windowed  miscParams: FSAA=0 FSAAHint= colourDepth=32 displayFrequency=0 gamma=false vsync=false vsyncInterval=1 
14:21:26: Created Win32Window 'Faith Engine' : 1040x806, 32bpp
14:21:26: GL_VERSION = 2.1.8789
14:21:26: GL_VENDOR = ATI Technologies Inc.
14:21:26: GL_RENDERER = ATI Mobility Radeon HD 4650
14:21:26: GL_EXTENSIONS = GL_AMDX_vertex_shader_tessellator GL_AMD_draw_buffers_blend GL_AMD_performance_monitor GL_AMD_texture_texture4 GL_ARB_color_buffer_float GL_ARB_copy_buffer GL_ARB_depth_buffer_float GL_ARB_depth_texture GL_ARB_draw_buffers GL_ARB_draw_instanced GL_ARB_fragment_program GL_ARB_fragment_program_shadow GL_ARB_fragment_shader GL_ARB_framebuffer_object GL_ARB_framebuffer_sRGB GL_ARB_half_float_pixel GL_ARB_half_float_vertex GL_ARB_instanced_arrays GL_ARB_map_buffer_range GL_ARB_multisample GL_ARB_multitexture GL_ARB_occlusion_query GL_ARB_pixel_buffer_object GL_ARB_point_parameters GL_ARB_point_sprite GL_ARB_shader_objects GL_ARB_shader_texture_lod GL_ARB_shading_language_100 GL_ARB_shadow GL_ARB_shadow_ambient GL_ARB_texture_border_clamp GL_ARB_texture_buffer_object GL_ARB_texture_compression GL_ARB_texture_compression_rgtc GL_ARB_texture_cube_map GL_ARB_texture_env_add GL_ARB_texture_env_combine GL_ARB_texture_env_crossbar GL_ARB_texture_env_dot3 GL_ARB_texture_float GL_ARB_texture_mirrored_repeat GL_ARB_texture_non_power_of_two GL_ARB_texture_rectangle GL_ARB_texture_rg GL_ARB_texture_snorm GL_ARB_transpose_matrix GL_ARB_vertex_array_object GL_ARB_vertex_buffer_object GL_ARB_vertex_program GL_ARB_vertex_shader GL_ARB_window_pos GL_ATI_draw_buffers GL_ATI_envmap_bumpmap GL_ATI_fragment_shader GL_ATI_meminfo GL_ATI_separate_stencil GL_ATI_texture_compression_3dc GL_ATI_texture_env_combine3 GL_ATI_texture_float GL_ATI_texture_mirror_once GL_EXT_abgr GL_EXT_bgra GL_EXT_bindable_uniform GL_EXT_blend_color GL_EXT_blend_equation_separate GL_EXT_blend_func_separate GL_EXT_blend_minmax GL_EXT_blend_subtract GL_EXT_compiled_vertex_array GL_EXT_copy_buffer GL_EXT_copy_texture GL_EXT_draw_buffers2 GL_EXT_draw_instanced GL_EXT_draw_range_elements GL_EXT_fog_coord GL_EXT_framebuffer_blit GL_EXT_framebuffer_multisample GL_EXT_framebuffer_object GL_EXT_framebuffer_sRGB GL_EXT_gpu_program_parameters GL_EXT_gpu_shader4 GL_EXT_multi_draw_arrays GL_EXT_packed_depth_stencil GL_EXT_packed_float GL_EXT_packed_pixels GL_EXT_pixel_buffer_object GL_EXT_point_parameters GL_EXT_provoking_vertex GL_EXT_rescale_normal GL_EXT_secondary_color GL_EXT_separate_specular_color GL_EXT_shadow_funcs GL_EXT_stencil_wrap GL_EXT_subtexture GL_EXT_texgen_reflection GL_EXT_texture3D GL_EXT_texture_array GL_EXT_texture_buffer_object GL_EXT_texture_compression_latc GL_EXT_texture_compression_rgtc GL_EXT_texture_compression_s3tc GL_EXT_texture_cube_map GL_EXT_texture_edge_clamp GL_EXT_texture_env_add GL_EXT_texture_env_combine GL_EXT_texture_env_dot3 GL_EXT_texture_filter_anisotropic GL_EXT_texture_integer GL_EXT_texture_lod GL_EXT_texture_lod_bias GL_EXT_texture_mirror_clamp GL_EXT_texture_object GL_EXT_texture_rectangle GL_EXT_texture_sRGB GL_EXT_texture_shared_exponent GL_EXT_texture_snorm GL_EXT_texture_swizzle GL_EXT_transform_feedback GL_EXT_vertex_array GL_EXT_vertex_array_bgra GL_IBM_texture_mirrored_repeat GL_KTX_buffer_region GL_NV_blend_square GL_NV_conditional_render GL_NV_copy_depth_to_color GL_NV_primitive_restart GL_NV_texgen_reflection GL_SGIS_generate_mipmap GL_SGIS_texture_edge_clamp GL_SGIS_texture_lod GL_SUN_multi_draw_arrays GL_WIN_swap_hint WGL_EXT_swap_control
14:21:26: Supported WGL extensions: WGL_ARB_extensions_string WGL_ARB_pixel_format WGL_ATI_pixel_format_float WGL_ARB_pixel_format_float WGL_ARB_multisample WGL_EXT_swap_control WGL_ARB_pbuffer WGL_ARB_render_texture WGL_ARB_make_current_read WGL_EXT_extensions_string WGL_ARB_buffer_region WGL_EXT_framebuffer_sRGB WGL_ATI_render_texture_rectangle WGL_EXT_pixel_format_packed_float WGL_I3D_genlock WGL_NV_swap_group WGL_ARB_create_context WGL_AMD_gpu_association WGL_AMDX_gpu_association 
14:21:26: ***************************
14:21:26: *** GL Renderer Started ***
14:21:26: ***************************
14:21:26: Registering ResourceManager for type GpuProgram
14:21:26: GLSL support detected
14:21:26: GL: Using GL_EXT_framebuffer_object for rendering to textures (best)
14:21:26: FBO PF_UNKNOWN depth/stencil support: D0S1 D0S4 D0S8 D0S16 D16S0 D24S0 D32S0 Packed-D24S8 
14:21:26: FBO PF_L8 depth/stencil support: D0S0 D0S1 D0S4 D0S8 D0S16 D16S0 D24S0 D32S0 Packed-D24S8 
14:21:26: FBO PF_L16 depth/stencil support: D0S0 D0S1 D0S4 D0S8 D0S16 D16S0 D24S0 D32S0 Packed-D24S8 
14:21:26: FBO PF_A8 depth/stencil support: D0S0 D0S1 D0S4 D0S8 D0S16 D16S0 D24S0 D32S0 Packed-D24S8 
14:21:26: FBO PF_A4L4 depth/stencil support: D0S0 D0S1 D0S4 D0S8 D0S16 D16S0 D24S0 D32S0 Packed-D24S8 
14:21:26: FBO PF_BYTE_LA depth/stencil support: D0S0 D0S1 D0S4 D0S8 D0S16 D16S0 D24S0 D32S0 Packed-D24S8 
14:21:26: FBO PF_R5G6B5 depth/stencil support: D0S0 D0S1 D0S4 D0S8 D0S16 D16S0 D24S0 D32S0 Packed-D24S8 
14:21:26: FBO PF_B5G6R5 depth/stencil support: D0S0 D0S1 D0S4 D0S8 D0S16 D16S0 D24S0 D32S0 Packed-D24S8 
14:21:27: FBO PF_A4R4G4B4 depth/stencil support: D0S0 D0S1 D0S4 D0S8 D0S16 D16S0 D24S0 D32S0 Packed-D24S8 
14:21:27: FBO PF_A1R5G5B5 depth/stencil support: D0S0 D0S1 D0S4 D0S8 D0S16 D16S0 D24S0 D32S0 Packed-D24S8 
14:21:27: FBO PF_R8G8B8 depth/stencil support: D0S0 D0S1 D0S4 D0S8 D0S16 D16S0 D24S0 D32S0 Packed-D24S8 
14:21:27: FBO PF_B8G8R8 depth/stencil support: D0S0 D0S1 D0S4 D0S8 D0S16 D16S0 D24S0 D32S0 Packed-D24S8 
14:21:27: FBO PF_A8R8G8B8 depth/stencil support: D0S0 D0S1 D0S4 D0S8 D0S16 D16S0 D24S0 D32S0 Packed-D24S8 
14:21:27: FBO PF_B8G8R8A8 depth/stencil support: D0S0 D0S1 D0S4 D0S8 D0S16 D16S0 D24S0 D32S0 Packed-D24S8 
14:21:27: FBO PF_A2R10G10B10 depth/stencil support: D0S0 D0S1 D0S4 D0S8 D0S16 D16S0 D24S0 D32S0 Packed-D24S8 
14:21:27: FBO PF_A2B10G10R10 depth/stencil support: D0S0 D0S1 D0S4 D0S8 D0S16 D16S0 D24S0 D32S0 Packed-D24S8 
14:21:27: FBO PF_FLOAT16_RGB depth/stencil support: D0S0 D0S1 D0S4 D0S8 D0S16 D16S0 D24S0 D32S0 Packed-D24S8 
14:21:27: FBO PF_FLOAT16_RGBA depth/stencil support: D0S0 D0S1 D0S4 D0S8 D0S16 D16S0 D24S0 D32S0 Packed-D24S8 
14:21:27: FBO PF_FLOAT32_RGB depth/stencil support: D0S0 D0S1 D0S4 D0S8 D0S16 D16S0 D24S0 D32S0 Packed-D24S8 
14:21:27: FBO PF_FLOAT32_RGBA depth/stencil support: D0S0 D0S1 D0S4 D0S8 D0S16 D16S0 D24S0 D32S0 Packed-D24S8 
14:21:27: FBO PF_X8R8G8B8 depth/stencil support: D0S0 D0S1 D0S4 D0S8 D0S16 D16S0 D24S0 D32S0 Packed-D24S8 
14:21:27: FBO PF_X8B8G8R8 depth/stencil support: D0S0 D0S1 D0S4 D0S8 D0S16 D16S0 D24S0 D32S0 Packed-D24S8 
14:21:27: FBO PF_SHORT_RGBA depth/stencil support: D0S0 D0S1 D0S4 D0S8 D0S16 D16S0 D24S0 D32S0 Packed-D24S8 
14:21:27: FBO PF_R3G3B2 depth/stencil support: D0S0 D0S1 D0S4 D0S8 D0S16 D16S0 D24S0 D32S0 Packed-D24S8 
14:21:27: FBO PF_FLOAT16_R depth/stencil support: D0S0 D0S1 D0S4 D0S8 D0S16 D16S0 D24S0 D32S0 Packed-D24S8 
14:21:27: FBO PF_FLOAT32_R depth/stencil support: D0S0 D0S1 D0S4 D0S8 D0S16 D16S0 D24S0 D32S0 Packed-D24S8 
14:21:27: FBO PF_SHORT_GR depth/stencil support: D0S0 D0S1 D0S4 D0S8 D0S16 D16S0 D24S0 D32S0 Packed-D24S8 
14:21:27: FBO PF_FLOAT16_GR depth/stencil support: D0S0 D0S1 D0S4 D0S8 D0S16 D16S0 D24S0 D32S0 Packed-D24S8 
14:21:27: FBO PF_FLOAT32_GR depth/stencil support: D0S0 D0S1 D0S4 D0S8 D0S16 D16S0 D24S0 D32S0 Packed-D24S8 
14:21:27: FBO PF_SHORT_RGB depth/stencil support: D0S0 D0S1 D0S4 D0S8 D0S16 D16S0 D24S0 D32S0 Packed-D24S8 
14:21:27: [GL] : Valid FBO targets PF_UNKNOWN PF_L8 PF_L16 PF_A8 PF_A4L4 PF_BYTE_LA PF_R5G6B5 PF_B5G6R5 PF_A4R4G4B4 PF_A1R5G5B5 PF_R8G8B8 PF_B8G8R8 PF_A8R8G8B8 PF_B8G8R8A8 PF_A2R10G10B10 PF_A2B10G10R10 PF_FLOAT16_RGB PF_FLOAT16_RGBA PF_FLOAT32_RGB PF_FLOAT32_RGBA PF_X8R8G8B8 PF_X8B8G8R8 PF_SHORT_RGBA PF_R3G3B2 PF_FLOAT16_R PF_FLOAT32_R PF_SHORT_GR PF_FLOAT16_GR PF_FLOAT32_GR PF_SHORT_RGB 
14:21:27: RenderSystem capabilities
14:21:27: -------------------------
14:21:27: RenderSystem Name: OpenGL Rendering Subsystem
14:21:27: GPU Vendor: ati
14:21:27: Device Name: ATI Mobility Radeon HD 4650
14:21:27: Driver Version: 2.1.8789.0
14:21:27:  * Fixed function pipeline: yes
14:21:27:  * Hardware generation of mipmaps: yes
14:21:27:  * Texture blending: yes
14:21:27:  * Anisotropic texture filtering: yes
14:21:27:  * Dot product texture operation: yes
14:21:27:  * Cube mapping: yes
14:21:27:  * Hardware stencil buffer: yes
14:21:27:    - Stencil depth: 8
14:21:27:    - Two sided stencil support: yes
14:21:27:    - Wrap stencil values: yes
14:21:27:  * Hardware vertex / index buffers: yes
14:21:27:  * Vertex programs: yes
14:21:27:  * Number of floating-point constants for vertex programs: 512
14:21:27:  * Number of integer constants for vertex programs: 0
14:21:27:  * Number of boolean constants for vertex programs: 0
14:21:27:  * Fragment programs: yes
14:21:27:  * Number of floating-point constants for fragment programs: 512
14:21:27:  * Number of integer constants for fragment programs: 0
14:21:27:  * Number of boolean constants for fragment programs: 0
14:21:27:  * Geometry programs: no
14:21:27:  * Number of floating-point constants for geometry programs: 0
14:21:27:  * Number of integer constants for geometry programs: 0
14:21:27:  * Number of boolean constants for geometry programs: 0
14:21:27:  * Supported Shader Profiles: arbfp1 arbvp1 glsl ps_1_1 ps_1_2 ps_1_3 ps_1_4
14:21:27:  * Texture Compression: yes
14:21:27:    - DXT: yes
14:21:27:    - VTC: no
14:21:27:    - PVRTC: no
14:21:27:  * Scissor Rectangle: yes
14:21:27:  * Hardware Occlusion Query: yes
14:21:27:  * User clip planes: yes
14:21:27:  * VET_UBYTE4 vertex element type: yes
14:21:27:  * Infinite far plane projection: yes
14:21:27:  * Hardware render-to-texture: yes
14:21:27:  * Floating point textures: yes
14:21:27:  * Non-power-of-two textures: yes
14:21:27:  * Volume textures: yes
14:21:27:  * Multiple Render Targets: 8
14:21:27:    - With different bit depths: yes
14:21:27:  * Point Sprites: yes
14:21:27:  * Extended point parameters: yes
14:21:27:  * Max Point Size: 8192
14:21:27:  * Vertex texture fetch: yes
14:21:27:  * Number of world matrices: 0
14:21:27:  * Number of texture units: 16
14:21:27:  * Stencil buffer depth: 8
14:21:27:  * Number of vertex blend matrices: 0
14:21:27:    - Max vertex textures: 16
14:21:27:    - Vertex textures shared: yes
14:21:27:  * Render to Vertex Buffer : no
14:21:27:  * GL 1.5 without VBO workaround: no
14:21:27:  * Frame Buffer objects: yes
14:21:27:  * Frame Buffer objects (ARB extension): no
14:21:27:  * Frame Buffer objects (ATI extension): no
14:21:27:  * PBuffer support: no
14:21:27:  * GL 1.5 without HW-occlusion workaround: no
14:21:27: Registering ResourceManager for type Texture
14:21:27: DefaultWorkQueue('Root') initialising on thread 0012A800.
14:21:27: Particle Renderer Type 'billboard' registered
14:21:27: SceneManagerFactory for type 'BspSceneManager' registered.
14:21:27: Registering ResourceManager for type BspLevel
14:21:27: SceneManagerFactory for type 'PCZSceneManager' registered.
14:21:27: MovableObjectFactory for type 'PCZLight' registered.
14:21:27: MovableObjectFactory for type 'Portal' registered.
14:21:27: MovableObjectFactory for type 'AntiPortal' registered.
14:21:27: PCZone Factory Type 'ZoneType_Octree' registered
14:21:27: PCZone Factory Type 'ZoneType_Terrain' registered
14:21:27: SceneManagerFactory for type 'OctreeSceneManager' registered.
14:21:27: SceneManagerFactory for type 'TerrainSceneManager' registered.
14:21:27: Parsing scripts for resource group Autodetect
14:21:27: Finished parsing scripts for resource group Autodetect
14:21:27: Parsing scripts for resource group Essential
14:21:27: Parsing script SdkTrays.material
14:21:27: DefaultWorkQueue('Root')::WorkerFunc - thread 00148FB0 starting.
14:21:27: DefaultWorkQueue('Root')::WorkerFunc - thread 00149020 starting.
14:21:27: Parsing script SdkTrays.fontdef
14:21:27: Parsing script SdkTrays.overlay
14:21:27: Bad element attribute line: '# you can offset the image to change the cursor "hotspot"' for element SdkTrays/Cursor in overlay 
14:21:27: Texture: sdk_cursor.png: Loading 1 faces(PF_A8R8G8B8,32x32x1) with 5 hardware generated mipmaps from Image. Internal format is PF_A8R8G8B8,32x32x1.
14:21:27: Texture: sdk_tray.png: Loading 1 faces(PF_A8R8G8B8,64x64x1) with 5 hardware generated mipmaps from Image. Internal format is PF_A8R8G8B8,64x64x1.
14:21:27: Texture: sdk_button_up.png: Loading 1 faces(PF_A8R8G8B8,128x32x1) with 5 hardware generated mipmaps from Image. Internal format is PF_A8R8G8B8,128x32x1.
14:21:27: Texture: sdk_text_box.png: Loading 1 faces(PF_A8R8G8B8,32x32x1) with 5 hardware generated mipmaps from Image. Internal format is PF_A8R8G8B8,32x32x1.
14:21:27: Texture: sdk_mini_tray.png: Loading 1 faces(PF_A8R8G8B8,32x32x1) with 5 hardware generated mipmaps from Image. Internal format is PF_A8R8G8B8,32x32x1.
14:21:27: Texture: sdk_track.png: Loading 1 faces(PF_A8R8G8B8,16x32x1) with 5 hardware generated mipmaps from Image. Internal format is PF_A8R8G8B8,16x32x1.
14:21:27: Texture: sdk_handle.png: Loading 1 faces(PF_A8R8G8B8,16x16x1) with 4 hardware generated mipmaps from Image. Internal format is PF_A8R8G8B8,16x16x1.
14:21:27: Texture: sdk_mini_text_box.png: Loading 1 faces(PF_A8R8G8B8,32x32x1) with 5 hardware generated mipmaps from Image. Internal format is PF_A8R8G8B8,32x32x1.
14:21:27: Texture: sdk_label.png: Loading 1 faces(PF_A8R8G8B8,32x32x1) with 5 hardware generated mipmaps from Image. Internal format is PF_A8R8G8B8,32x32x1.
14:21:27: Texture: sdk_separator.png: Loading 1 faces(PF_A8R8G8B8,64x16x1) with 5 hardware generated mipmaps from Image. Internal format is PF_A8R8G8B8,64x16x1.
14:21:27: Texture: sdk_logo.png: Loading 1 faces(PF_A8R8G8B8,128x64x1) with 5 hardware generated mipmaps from Image. Internal format is PF_A8R8G8B8,128x64x1.
14:21:27: Texture: sdk_shade.png: Loading 1 faces(PF_A8R8G8B8,64x48x1) with 5 hardware generated mipmaps from Image. Internal format is PF_A8R8G8B8,64x48x1.
14:21:27: Texture: sdk_frame.png: Loading 1 faces(PF_A8R8G8B8,32x32x1) with 5 hardware generated mipmaps from Image. Internal format is PF_A8R8G8B8,32x32x1.
14:21:27: Texture: sdk_mini_text_box_over.png: Loading 1 faces(PF_A8R8G8B8,32x32x1) with 5 hardware generated mipmaps from Image. Internal format is PF_A8R8G8B8,32x32x1.
14:21:27: Texture: sdk_pulse.png: Loading 1 faces(PF_R8G8B8,8x1x1) with 3 hardware generated mipmaps from Image. Internal format is PF_X8R8G8B8,8x1x1.
14:21:27: Finished parsing scripts for resource group Essential
14:21:27: Parsing scripts for resource group Fonts
14:21:27: Parsing script sample.fontdef
14:21:27: Finished parsing scripts for resource group Fonts
14:21:27: Parsing scripts for resource group General
14:21:27: Finished parsing scripts for resource group General
14:21:27: Parsing scripts for resource group Imagesets
14:21:27: Finished parsing scripts for resource group Imagesets
14:21:27: Parsing scripts for resource group Internal
14:21:27: Finished parsing scripts for resource group Internal
14:21:27: Parsing scripts for resource group Layouts
14:21:27: Finished parsing scripts for resource group Layouts
14:21:27: Parsing scripts for resource group LookNFeel
14:21:27: Finished parsing scripts for resource group LookNFeel
14:21:27: Parsing scripts for resource group Popular
14:21:27: Parsing script Examples.program
14:21:27: GLSL compiled : Ogre/BasicVertexPrograms/AmbientOneTextureGLSLVertex shader was successfully compiled to run on hardware.

14:21:27: GLSL compiled : Ogre/HardwareSkinningTwoWeightsGLSLVertex shader was successfully compiled to run on hardware.

14:21:27: OGRE EXCEPTION(2:InvalidParametersException): Parameter called ambient does not exist.  in GpuProgramParameters::_findNamedConstantDefinition at ..\..\..\..\OgreMain\src\OgreGpuProgramParams.cpp (line 1433)
14:21:27: Compiler error: invalid parameters in Examples.program(130): setting of constant failed
14:21:27: Parsing script StdQuad_vp.program
14:21:27: Parsing script deferred_post.program
14:21:27: Parsing script ShadowCaster.program
14:21:27: Parsing script ASCII.material
14:21:27: Parsing script ASMSwizzle.material
14:21:27: Compiler error: object unsupported by render system in ASMSwizzle.material(1)
14:21:27: Parsing script BlackAndWhite.material
14:21:27: Parsing script Bloom.material
14:21:27: GLSL compiled : Blur_ps_glslFragment shader was successfully compiled to run on hardware.
14:21:27: GLSL compiled : Blur0_vs_glslVertex shader was successfully compiled to run on hardware.

14:21:27: GLSL compiled : Blur1_vs_glslVertex shader was successfully compiled to run on hardware.

14:21:27: Parsing script Bloom2.material
14:21:27: GLSL compiled : Bloom2_ps20_glslFragment shader was successfully compiled to run on hardware.
14:21:28: Parsing script CGSwizzle.material
14:21:28: Parsing script CompositorDemo.material
14:21:28: Parsing script DepthShadowmap.material
14:21:28: GLSL compiled : Ogre/DepthShadowmap/CasterVP_GLSLVertex shader was successfully compiled to run on hardware.

14:21:28: GLSL compiled : Ogre/DepthShadowmap/CasterFP_GLSLFragment shader was successfully compiled to run on hardware.
14:21:28: GLSL compiled : Ogre/DepthShadowmap/ReceiverVP_GLSLVertex shader was successfully compiled to run on hardware.

14:21:28: GLSL compiled : Ogre/DepthShadowmap/ReceiverFP_GLSLFragment shader was successfully compiled to run on hardware.
14:21:28: GLSL compiled : Ogre/DepthShadowmap/ReceiverFPPCF_GLSLFragment shader was successfully compiled to run on hardware.
14:21:28: GLSL compiled : Ogre/DepthShadowmap/NormalMapReceiverVP_GLSLVertex shader was successfully compiled to run on hardware.

14:21:28: GLSL compiled : Ogre/DepthShadowmap/NormalMapReceiverFP_GLSLFragment shader was successfully compiled to run on hardware.
14:21:28: GLSL compiled : Ogre/DepthShadowmap/NormalMapReceiverFPPCF_GLSLFragment shader was successfully compiled to run on hardware.
14:21:28: Parsing script Dice.material
14:21:28: Parsing script Dither.material
14:21:28: Parsing script DOF.material
14:21:28: Parsing script Embossed.material
14:21:28: Parsing script Example-Water.material
14:21:28: Parsing script Examples-Advanced.material
14:21:28: Parsing script Examples-DynTex.material
14:21:28: Parsing script Examples-Water.material
14:21:28: Parsing script Examples.material
14:21:29: OGRE EXCEPTION(2:InvalidParametersException): Parameter called camObjPos does not exist.  in GpuProgramParameters::_findNamedConstantDefinition at ..\..\..\..\OgreMain\src\OgreGpuProgramParams.cpp (line 1433)
14:21:29: Compiler error: invalid parameters in Examples.material(837): setting of constant failed
14:21:29: GLSL compiled : Ogre/HardwareSkinningTwoWeightsShadowCasterGLSLVertex shader was successfully compiled to run on hardware.

14:21:31: Parsing script facial.material
14:21:31: Parsing script Glass.material
14:21:31: Parsing script GLSLSwizzle.material
14:21:31: Cannot compile GLSL high-level shader : Ogre/GPTest/Swizzle_GP_GLSL nieprawid這wa operacjaGeometry shader was successfully compiled to run on hardware.

14:21:31: OGRE EXCEPTION(7:InternalErrorException): Cannot compile GLSL high-level shader : Ogre/GPTest/Swizzle_GP_GLSL nieprawid這wa operacjaCannot compile GLSL high-level shader : Ogre/GPTest/Swizzle_GP_GLSL nieprawid這wa operacjaGeometry shader was successfully compiled to run on hardware.
 in GLSLProgram::compile at ..\..\..\..\..\RenderSystems\GL\src\GLSL\src\OgreGLSLExtSupport.cpp (line 65)
14:21:31: High-level program Ogre/GPTest/Swizzle_GP_GLSL encountered an error during loading and is thus not supported.
OGRE EXCEPTION(7:InternalErrorException): Cannot compile GLSL high-level shader : Ogre/GPTest/Swizzle_GP_GLSL nieprawid這wa operacjaCannot compile GLSL high-level shader : Ogre/GPTest/Swizzle_GP_GLSL nieprawid這wa operacjaGeometry shader was successfully compiled to run on hardware.
 in GLSLProgram::compile at ..\..\..\..\..\RenderSystems\GL\src\GLSL\src\OgreGLSLExtSupport.cpp (line 65)
14:21:31: OGRE EXCEPTION(2:InvalidParametersException): Named constants have not been initialised, perhaps a compile error. in GpuProgramParameters::_findNamedConstantDefinition at ..\..\..\..\OgreMain\src\OgreGpuProgramParams.cpp (line 1423)
14:21:31: Compiler error: invalid parameters in GLSLSwizzle.material(15): setting of constant failed
14:21:31: OGRE EXCEPTION(2:InvalidParametersException): Named constants have not been initialised, perhaps a compile error. in GpuProgramParameters::_findNamedConstantDefinition at ..\..\..\..\OgreMain\src\OgreGpuProgramParams.cpp (line 1423)
14:21:31: Compiler error: invalid parameters in GLSLSwizzle.material(16): setting of constant failed
14:21:31: GLSL compiled : Ogre/GPTest/Passthrough_VP_GLSLVertex shader was successfully compiled to run on hardware.

14:21:31: Parsing script Halftone.material
14:21:31: Parsing script hdr.material
14:21:31: GLSL compiled : Ogre/Compositor/HDR/downscale2x2LuminenceGLSL_fpFragment shader was successfully compiled to run on hardware.
14:21:31: GLSL compiled : Ogre/Compositor/StdQuad_GLSL_vpVertex shader was successfully compiled to run on hardware.

14:21:31: GLSL compiled : Ogre/Compositor/HDR/downscale3x3GLSL_fpFragment shader was successfully compiled to run on hardware.
14:21:31: GLSL compiled : Ogre/Compositor/HDR/utils_fpFragment shader was successfully compiled to run on hardware.
14:21:31: GLSL compiled : Ogre/Compositor/HDR/downscale3x3brightpassGLSL_fpFragment shader was successfully compiled to run on hardware.
14:21:31: GLSL compiled : Ogre/Compositor/HDR/bloomGLSL_fpFragment shader was successfully compiled to run on hardware.
14:21:31: GLSL compiled : Ogre/Compositor/HDR/utils_fpFragment shader was successfully compiled to run on hardware.
14:21:31: GLSL compiled : Ogre/Compositor/HDR/finaltonemappingGLSL_fpFragment shader was successfully compiled to run on hardware.
14:21:31: Parsing script HeatVision.material
14:21:32: Parsing script Hurt.material
14:21:32: Parsing script instancing.material
14:21:32: GLSL compiled : InstancingGLSLVertex shader was successfully compiled to run on hardware.

14:21:32: GLSL compiled : InstancingShadowCasterGLSLVertex shader was successfully compiled to run on hardware.

14:21:32: GLSL compiled : CrowdGLSLVertex shader was successfully compiled to run on hardware.

14:21:32: GLSL compiled : CrowdShadowCasterGLSLVertex shader was successfully compiled to run on hardware.

14:21:32: Parsing script Invert.material
14:21:32: Parsing script IsoSurf.material
14:21:33: Parsing script Laplace.material
14:21:33: Parsing script MotionBlur.material
14:21:33: Parsing script MRTtest.material
14:21:33: GLSL compiled : Ogre/MRTtest/scenefp/GLSLFragment shader was successfully compiled to run on hardware.
14:21:33: GLSL compiled : Ogre/MRTtest/quadfp/GLSLFragment shader was successfully compiled to run on hardware.
14:21:33: Parsing script NightVision.material
14:21:33: Parsing script Ocean.material
14:21:33: GLSL compiled : GLSL/OceanVSVertex shader was successfully compiled to run on hardware.

14:21:33: GLSL compiled : GLSL/OceanFSFragment shader was successfully compiled to run on hardware.
14:21:34: GLSL compiled : GLSL/Ocean2VSVertex shader was successfully compiled to run on hardware.

14:21:34: GLSL compiled : GLSL/Ocean2FSFragment shader was successfully compiled to run on hardware.
14:21:34: Parsing script OffsetMapping.material
14:21:34: GLSL compiled : Examples/OffsetMappingIntegratedShadowsFPglslFragment shader was successfully compiled to run on hardware.
14:21:34: GLSL compiled : Examples/OffsetMappingIntegratedShadowsVPglslVertex shader was successfully compiled to run on hardware.

14:21:34: Parsing script Ogre.material
14:21:34: Parsing script OldMovie.material
14:21:34: Parsing script OldTV.material
14:21:34: Parsing script ParticleGS.material
14:21:35: OGRE EXCEPTION(7:InternalErrorException): Unable to compile Cg program Ogre/ParticleGS/DisplayPS: CG ERROR : "The compile returned an error."
(323) : fatal error C9999: unexpected cast operation
 in CgProgram::loadFromSource at ..\..\..\..\..\PlugIns\CgProgramManager\src\OgreCgProgramManagerDll.cpp (line 67)
14:21:35: High-level program Ogre/ParticleGS/DisplayPS encountered an error during loading and is thus not supported.
OGRE EXCEPTION(7:InternalErrorException): Unable to compile Cg program Ogre/ParticleGS/DisplayPS: CG ERROR : "The compile returned an error."
(323) : fatal error C9999: unexpected cast operation
 in CgProgram::loadFromSource at ..\..\..\..\..\PlugIns\CgProgramManager\src\OgreCgProgramManagerDll.cpp (line 67)
14:21:35: Parsing script Penguin.material
14:21:35: Parsing script PE_materials.material
14:21:35: Parsing script Posterize.material
14:21:35: Parsing script pssm.material
14:21:36: Parsing script RadialBlur.material
14:21:36: Parsing script RZR-002.material
14:21:36: Parsing script ShaderSystem.material
14:21:36: Parsing script shadows.material
14:21:37: Parsing script SharpenEdges.material
14:21:37: Parsing script sibenik.material
14:21:38: Parsing script smoke.material
14:21:38: Parsing script table.material
14:21:38: Parsing script Tiling.material
14:21:38: Parsing script VarianceShadowmap.material
14:21:38: Parsing script deferreddemo.material
14:21:38: Parsing script deferred_post.material
14:21:38: Parsing script deferred_post_minilight.material
14:21:38: Parsing script ShadowCaster.material
14:21:38: Parsing script ssao.material
14:21:38: Parsing script ROOM.material
14:21:38: Parsing script RTShaderSystem.material
14:21:38: Compiler error: unknown error in RTShaderSystem.material(23): token "rtshader_system" is not recognized
14:21:38: Compiler error: unknown error in RTShaderSystem.material(52): token "rtshader_system" is not recognized
14:21:38: Compiler error: unknown error in RTShaderSystem.material(81): token "rtshader_system" is not recognized
14:21:38: Compiler error: unknown error in RTShaderSystem.material(110): token "rtshader_system" is not recognized
14:21:38: Compiler error: unknown error in RTShaderSystem.material(146): token "rtshader_system" is not recognized
14:21:38: Compiler error: unknown error in RTShaderSystem.material(81): token "rtshader_system" is not recognized
14:21:38: Compiler error: unknown error in RTShaderSystem.material(162): token "rtshader_system" is not recognized
14:21:38: Compiler error: unknown error in RTShaderSystem.material(81): token "rtshader_system" is not recognized
14:21:38: Compiler error: unknown error in RTShaderSystem.material(110): token "rtshader_system" is not recognized
14:21:38: Parsing script RomanBath.material
14:21:39: Parsing script Sinbad.material
14:21:39: Parsing script Cigaretes.particle
14:21:39: Parsing script emitted_emitter.particle
14:21:39: Parsing script Examples-Water.particle
14:21:39: Parsing script Examples.particle
14:21:39: Parsing script smoke.particle
14:21:39: Parsing script Examples.compositor
14:21:39: Parsing script deferred.compositor
14:21:39: Parsing script ssao.compositor
14:21:39: Parsing script sample.fontdef
14:21:39: Finished parsing scripts for resource group Popular
14:21:39: Parsing scripts for resource group Schemes
14:21:39: Finished parsing scripts for resource group Schemes
14:21:39: Mesh: Loading ninja.mesh.
14:21:39: Skeleton: Loading ninja.skeleton
14:21:39: Texture: nskingr.jpg: Loading 1 faces(PF_R8G8B8,512x512x1) with 5 hardware generated mipmaps from Image. Internal format is PF_X8R8G8B8,512x512x1.
